<?xml version="1.0" encoding="UTF-8"?>
<!-- Generated by org.testng.reporters.JUnitReportReporter -->
<testsuite hostname="DESKTOP-CEVN84Q" failures="0" tests="1" name="validation.DynamicValidation" time="2.989" errors="0" timestamp="27 Sep 2022 10:12:00 GMT" skipped="0">
  <testcase classname="validation.DynamicValidation" name="DynamivalidationTest" time="2.989"/>
</testsuite> <!-- validation.DynamicValidation -->
