<?xml version="1.0" encoding="UTF-8"?>
<!-- Generated by org.testng.reporters.JUnitReportReporter -->
<testsuite hostname="DESKTOP-CEVN84Q" failures="0" tests="1" name="com.Rmgyantra.CRUD_Opeartion_With_BDD.Creat_Project_using_BDD" time="1.700" errors="0" timestamp="27 Sep 2022 06:10:37 GMT" skipped="0">
  <testcase classname="com.Rmgyantra.CRUD_Opeartion_With_BDD.Creat_Project_using_BDD" name="createProject" time="1.700"/>
</testsuite> <!-- com.Rmgyantra.CRUD_Opeartion_With_BDD.Creat_Project_using_BDD -->
