<?xml version="1.0" encoding="UTF-8"?>
<!-- Generated by org.testng.reporters.JUnitReportReporter -->
<testsuite hostname="DESKTOP-CEVN84Q" failures="0" tests="1" name="Autontication.BarerToken" time="3.478" errors="0" timestamp="27 Sep 2022 12:05:32 GMT" skipped="0">
  <testcase classname="Autontication.BarerToken" name="BarerTokenTest" time="3.478"/>
</testsuite> <!-- Autontication.BarerToken -->
