<?xml version="1.0" encoding="UTF-8"?>
<!-- Generated by org.testng.reporters.JUnitReportReporter -->
<testsuite hostname="DESKTOP-CEVN84Q" failures="0" tests="1" name="RequestChaining.RequestChaining" time="3.575" errors="0" timestamp="27 Sep 2022 10:59:55 GMT" skipped="0">
  <testcase classname="RequestChaining.RequestChaining" name="requestChaining" time="3.575"/>
</testsuite> <!-- RequestChaining.RequestChaining -->
