<?xml version="1.0" encoding="UTF-8"?>
<!-- Generated by org.testng.reporters.JUnitReportReporter -->
<testsuite hostname="DESKTOP-CEVN84Q" failures="0" tests="2" name="Four_ways_to_post.Post_Using_PojoClass" time="2.850" errors="0" timestamp="27 Sep 2022 08:53:00 GMT" skipped="0">
  <testcase classname="Four_ways_to_post.Post_Using_PojoClass" name="postUsingpojoclass" time="2.809"/>
  <testcase classname="Four_ways_to_post.Post_Using_PojoClass" name="postUsingpojoclass" time="0.041"/>
</testsuite> <!-- Four_ways_to_post.Post_Using_PojoClass -->
