<?xml version="1.0" encoding="UTF-8"?>
<!-- Generated by org.testng.reporters.JUnitReportReporter -->
<testsuite hostname="DESKTOP-CEVN84Q" failures="0" tests="1" name="com.Rmgyantra.CRUD_Opeartion_Without_BDD.Delete_Project_Test" time="2.338" errors="0" timestamp="26 Sep 2022 11:52:53 GMT" skipped="0">
  <testcase classname="com.Rmgyantra.CRUD_Opeartion_Without_BDD.Delete_Project_Test" name="deleteProjectTest" time="2.338"/>
</testsuite> <!-- com.Rmgyantra.CRUD_Opeartion_Without_BDD.Delete_Project_Test -->
