<?xml version="1.0" encoding="UTF-8"?>
<!-- Generated by org.testng.reporters.JUnitReportReporter -->
<testsuite hostname="DESKTOP-CEVN84Q" failures="0" tests="1" name="validation.ValidateResponseTime" time="3.127" errors="0" timestamp="27 Sep 2022 10:41:07 GMT" skipped="0">
  <testcase classname="validation.ValidateResponseTime" name="validateResposeTiming" time="3.127"/>
</testsuite> <!-- validation.ValidateResponseTime -->
