<?xml version="1.0" encoding="UTF-8"?>
<!-- Generated by org.testng.reporters.JUnitReportReporter -->
<testsuite hostname="DESKTOP-CEVN84Q" failures="0" tests="1" name="Autontication.BasicAuth" time="2.348" errors="0" timestamp="27 Sep 2022 11:51:23 GMT" skipped="0">
  <testcase classname="Autontication.BasicAuth" name="BasicAuthTest" time="2.348"/>
</testsuite> <!-- Autontication.BasicAuth -->
