<?xml version="1.0" encoding="UTF-8"?>
<!-- Generated by org.testng.reporters.JUnitReportReporter -->
<testsuite hostname="DESKTOP-CEVN84Q" failures="0" tests="1" name="Four_ways_to_post.Post_Using_Hashmap" time="1.685" errors="0" timestamp="27 Sep 2022 06:41:25 GMT" skipped="0">
  <testcase classname="Four_ways_to_post.Post_Using_Hashmap" name="Post_Using_Hashmap" time="1.685"/>
</testsuite> <!-- Four_ways_to_post.Post_Using_Hashmap -->
