<?xml version="1.0" encoding="UTF-8"?>
<!-- Generated by org.testng.reporters.JUnitReportReporter -->
<testsuite hostname="DESKTOP-CEVN84Q" failures="0" tests="1" name="com.Rmgyantra.CRUD_Opeartion_Without_BDD.GetProjectTest" time="2.229" errors="0" timestamp="26 Sep 2022 11:52:01 GMT" skipped="0">
  <testcase classname="com.Rmgyantra.CRUD_Opeartion_Without_BDD.GetProjectTest" name="getProjectTest" time="2.229"/>
</testsuite> <!-- com.Rmgyantra.CRUD_Opeartion_Without_BDD.GetProjectTest -->
