<?xml version="1.0" encoding="UTF-8"?>
<!-- Generated by org.testng.reporters.JUnitReportReporter -->
<testsuite hostname="DESKTOP-CEVN84Q" failures="0" tests="1" name="com.Rmgyantra.CRUD_Opeartion_Without_BDD.Update_Project_using_Put" time="1.914" errors="0" timestamp="27 Sep 2022 05:33:02 GMT" skipped="0">
  <testcase classname="com.Rmgyantra.CRUD_Opeartion_Without_BDD.Update_Project_using_Put" name="createProjectTest" time="1.914"/>
</testsuite> <!-- com.Rmgyantra.CRUD_Opeartion_Without_BDD.Update_Project_using_Put -->
