<?xml version="1.0" encoding="UTF-8"?>
<!-- Generated by org.testng.reporters.JUnitReportReporter -->
<testsuite hostname="DESKTOP-CEVN84Q" failures="0" tests="1" name="com.Rmgyantra.CRUD_Opeartion_Without_BDD.Create_Project_Using_post" time="2.878" errors="0" timestamp="26 Sep 2022 12:27:59 GMT" skipped="0">
  <testcase classname="com.Rmgyantra.CRUD_Opeartion_Without_BDD.Create_Project_Using_post" name="createProjectTest" time="2.878"/>
</testsuite> <!-- com.Rmgyantra.CRUD_Opeartion_Without_BDD.Create_Project_Using_post -->
