<?xml version="1.0" encoding="UTF-8"?>
<!-- Generated by org.testng.reporters.JUnitReportReporter -->
<testsuite hostname="DESKTOP-CEVN84Q" failures="0" tests="1" name="com.Rmgyantra.CRUD_Opeartion_With_BDD.Getting_Project" time="1.629" errors="0" timestamp="27 Sep 2022 06:04:41 GMT" skipped="0">
  <testcase classname="com.Rmgyantra.CRUD_Opeartion_With_BDD.Getting_Project" name="getting_Project" time="1.629"/>
</testsuite> <!-- com.Rmgyantra.CRUD_Opeartion_With_BDD.Getting_Project -->
