<?xml version="1.0" encoding="UTF-8"?>
<!-- Generated by org.testng.reporters.JUnitReportReporter -->
<testsuite hostname="DESKTOP-CEVN84Q" failures="0" tests="1" name="com.Rmgyantra.CRUD_Opeartion_With_BDD.Delete_Project_BDD" time="2.342" errors="0" timestamp="27 Sep 2022 06:18:29 GMT" skipped="0">
  <testcase classname="com.Rmgyantra.CRUD_Opeartion_With_BDD.Delete_Project_BDD" name="deleteProject" time="2.342"/>
</testsuite> <!-- com.Rmgyantra.CRUD_Opeartion_With_BDD.Delete_Project_BDD -->
