<?xml version="1.0" encoding="UTF-8"?>
<!-- Generated by org.testng.reporters.JUnitReportReporter -->
<testsuite hostname="DESKTOP-CEVN84Q" failures="0" tests="1" name="Four_ways_to_post.post_Using_External_json" time="1.426" errors="0" timestamp="27 Sep 2022 06:45:25 GMT" skipped="0">
  <testcase classname="Four_ways_to_post.post_Using_External_json" name="ExternalFile" time="1.426"/>
</testsuite> <!-- Four_ways_to_post.post_Using_External_json -->
