<?xml version="1.0" encoding="UTF-8"?>
<!-- Generated by org.testng.reporters.JUnitReportReporter -->
<testsuite hostname="DESKTOP-CEVN84Q" failures="0" tests="1" name="validation.staticValidationTest" time="2.906" errors="0" timestamp="27 Sep 2022 10:14:34 GMT" skipped="0">
  <testcase classname="validation.staticValidationTest" name="staticTest" time="2.906"/>
</testsuite> <!-- validation.staticValidationTest -->
